<?xml version="1.0" encoding="UTF-8"?>
<!-- Generated by org.testng.reporters.JUnitReportReporter -->
<testsuite hostname="LAPTOP-QBT2F4RV" failures="0" tests="1" name="githpackage.DemoClass" time="0.020" errors="0" timestamp="2025-03-28T15:16:05 IST" skipped="0">
  <testcase classname="githpackage.DemoClass" name="testMethod" time="0.020"/>
</testsuite> <!-- githpackage.DemoClass -->
