<?xml version="1.0" encoding="UTF-8"?>
<!-- Generated by org.testng.reporters.JUnitReportReporter -->
<testsuite hostname="LAPTOP-QBT2F4RV" failures="0" tests="1" name="githpackage.DemoClass" time="0.026" errors="0" timestamp="2025-03-29T11:49:17 IST" skipped="0">
  <testcase classname="githpackage.DemoClass" name="testMethod" time="0.026"/>
</testsuite> <!-- githpackage.DemoClass -->
