<?xml version="1.0" encoding="UTF-8"?>
<!-- Generated by org.testng.reporters.JUnitReportReporter -->
<testsuite hostname="LAPTOP-QBT2F4RV" failures="0" tests="1" name="githpackage.Login" time="0.032" errors="0" timestamp="2025-03-29T15:19:14 IST" skipped="0">
  <testcase classname="githpackage.Login" name="loginOperation" time="0.032"/>
</testsuite> <!-- githpackage.Login -->
