<?xml version="1.0" encoding="UTF-8"?>
<!-- Generated by org.testng.reporters.JUnitReportReporter -->
<testsuite hostname="LAPTOP-QBT2F4RV" failures="0" tests="1" name="githpackage.Sample" time="0.024" errors="0" timestamp="2025-03-29T14:20:12 IST" skipped="0">
  <testcase classname="githpackage.Sample" name="sample" time="0.024"/>
</testsuite> <!-- githpackage.Sample -->
